# JRE version: OpenJDK Runtime Environment (17.0.11) (build 17.0.11+0--11852314)
# Java VM: OpenJDK 64-Bit Server VM (17.0.11+0--11852314, mixed mode, tiered, compressed oops, compressed class ptrs, g1 gc, windows-amd64)
GC Precious Log:
 CPUs: 12 total, 12 available
 Memory: 15711M
 Large Page Support: Disabled
 NUMA Support: Disabled
 Compressed Oops: Enabled (32-bit)
 Heap Region Size: 1M
 Heap Min Capacity: 8M
 Heap Initial Capacity: 246M
 Heap Max Capacity: 2G
 Pre-touch: Disabled
 Parallel Workers: 10
 Concurrent Workers: 3
 Concurrent Refinement Workers: 10
 Periodic GC: Disabled
Heap:
 garbage-first heap   total 366592K, used 177265K [0x0000000080000000, 0x0000000100000000)
  region size 1024K, 2 young (2048K), 2 survivors (2048K)
 Metaspace       used 137486K, committed 138688K, reserved 1179648K
  class space    used 19522K, committed 20096K, reserved 1048576K
GC Heap History (20 events):
Event: 220.555 GC heap after
{Heap after GC invocations=52 (full 0):
 garbage-first heap   total 366592K, used 155113K [0x0000000080000000, 0x0000000100000000)
  region size 1024K, 2 young (2048K), 2 survivors (2048K)
 Metaspace       used 134539K, committed 135616K, reserved 1179648K
  class space    used 19257K, committed 19776K, reserved 1048576K
}
Event: 221.735 GC heap before
{Heap before GC invocations=52 (full 0):
 garbage-first heap   total 366592K, used 296425K [0x0000000080000000, 0x0000000100000000)
  region size 1024K, 140 young (143360K), 2 survivors (2048K)
 Metaspace       used 134807K, committed 135808K, reserved 1179648K
  class space    used 19278K, committed 19776K, reserved 1048576K
}
Event: 221.740 GC heap after
{Heap after GC invocations=53 (full 0):
 garbage-first heap   total 366592K, used 162640K [0x0000000080000000, 0x0000000100000000)
  region size 1024K, 10 young (10240K), 10 survivors (10240K)
 Metaspace       used 134807K, committed 135808K, reserved 1179648K
  class space    used 19278K, committed 19776K, reserved 1048576K
}
Event: 771.058 GC heap before
{Heap before GC invocations=54 (full 0):
 garbage-first heap   total 366592K, used 339792K [0x0000000080000000, 0x0000000100000000)
  region size 1024K, 141 young (144384K), 10 survivors (10240K)
 Metaspace       used 135199K, committed 136256K, reserved 1179648K
  class space    used 19285K, committed 19840K, reserved 1048576K
}
Event: 771.063 GC heap after
{Heap after GC invocations=55 (full 0):
 garbage-first heap   total 366592K, used 166092K [0x0000000080000000, 0x0000000100000000)
  region size 1024K, 12 young (12288K), 12 survivors (12288K)
 Metaspace       used 135199K, committed 136256K, reserved 1179648K
  class space    used 19285K, committed 19840K, reserved 1048576K
}
Event: 771.093 GC heap before
{Heap before GC invocations=55 (full 0):
 garbage-first heap   total 366592K, used 171212K [0x0000000080000000, 0x0000000100000000)
  region size 1024K, 17 young (17408K), 12 survivors (12288K)
 Metaspace       used 135199K, committed 136256K, reserved 1179648K
  class space    used 19285K, committed 19840K, reserved 1048576K
}
Event: 771.102 GC heap after
{Heap after GC invocations=56 (full 0):
 garbage-first heap   total 366592K, used 151434K [0x0000000080000000, 0x0000000100000000)
  region size 1024K, 3 young (3072K), 3 survivors (3072K)
 Metaspace       used 135199K, committed 136256K, reserved 1179648K
  class space    used 19285K, committed 19840K, reserved 1048576K
}
Event: 771.793 GC heap before
{Heap before GC invocations=56 (full 0):
 garbage-first heap   total 366592K, used 298890K [0x0000000080000000, 0x0000000100000000)
  region size 1024K, 147 young (150528K), 3 survivors (3072K)
 Metaspace       used 135565K, committed 136640K, reserved 1179648K
  class space    used 19313K, committed 19840K, reserved 1048576K
}
Event: 771.808 GC heap after
{Heap after GC invocations=57 (full 0):
 garbage-first heap   total 366592K, used 182094K [0x0000000080000000, 0x0000000100000000)
  region size 1024K, 19 young (19456K), 19 survivors (19456K)
 Metaspace       used 135565K, committed 136640K, reserved 1179648K
  class space    used 19313K, committed 19840K, reserved 1048576K
}
Event: 774.143 GC heap before
{Heap before GC invocations=58 (full 0):
 garbage-first heap   total 366592K, used 288590K [0x0000000080000000, 0x0000000100000000)
  region size 1024K, 124 young (126976K), 19 survivors (19456K)
 Metaspace       used 136550K, committed 137728K, reserved 1179648K
  class space    used 19452K, committed 20032K, reserved 1048576K
}
Event: 774.159 GC heap after
{Heap after GC invocations=59 (full 0):
 garbage-first heap   total 366592K, used 196608K [0x0000000080000000, 0x0000000100000000)
  region size 1024K, 16 young (16384K), 16 survivors (16384K)
 Metaspace       used 136550K, committed 137728K, reserved 1179648K
  class space    used 19452K, committed 20032K, reserved 1048576K
}
Event: 774.165 GC heap before
{Heap before GC invocations=59 (full 0):
 garbage-first heap   total 366592K, used 197632K [0x0000000080000000, 0x0000000100000000)
  region size 1024K, 17 young (17408K), 16 survivors (16384K)
 Metaspace       used 136550K, committed 137728K, reserved 1179648K
  class space    used 19452K, committed 20032K, reserved 1048576K
}
Event: 774.179 GC heap after
{Heap after GC invocations=60 (full 0):
 garbage-first heap   total 366592K, used 183490K [0x0000000080000000, 0x0000000100000000)
  region size 1024K, 3 young (3072K), 3 survivors (3072K)
 Metaspace       used 136550K, committed 137728K, reserved 1179648K
  class space    used 19452K, committed 20032K, reserved 1048576K
}
Event: 774.516 GC heap before
{Heap before GC invocations=60 (full 0):
 garbage-first heap   total 366592K, used 266434K [0x0000000080000000, 0x0000000100000000)
  region size 1024K, 86 young (88064K), 3 survivors (3072K)
 Metaspace       used 136700K, committed 137856K, reserved 1179648K
  class space    used 19476K, committed 20032K, reserved 1048576K
}
Event: 774.522 GC heap after
{Heap after GC invocations=61 (full 0):
 garbage-first heap   total 366592K, used 192048K [0x0000000080000000, 0x0000000100000000)
  region size 1024K, 11 young (11264K), 11 survivors (11264K)
 Metaspace       used 136700K, committed 137856K, reserved 1179648K
  class space    used 19476K, committed 20032K, reserved 1048576K
}
Event: 774.835 GC heap before
{Heap before GC invocations=62 (full 0):
 garbage-first heap   total 366592K, used 275401K [0x0000000080000000, 0x0000000100000000)
  region size 1024K, 104 young (106496K), 11 survivors (11264K)
 Metaspace       used 137052K, committed 138240K, reserved 1179648K
  class space    used 19514K, committed 20096K, reserved 1048576K
}
Event: 774.841 GC heap after
{Heap after GC invocations=63 (full 0):
 garbage-first heap   total 366592K, used 187508K [0x0000000080000000, 0x0000000100000000)
  region size 1024K, 7 young (7168K), 7 survivors (7168K)
 Metaspace       used 137052K, committed 138240K, reserved 1179648K
  class space    used 19514K, committed 20096K, reserved 1048576K
}
Event: 774.853 GC heap before
{Heap before GC invocations=63 (full 0):
 garbage-first heap   total 366592K, used 197748K [0x0000000080000000, 0x0000000100000000)
  region size 1024K, 17 young (17408K), 7 survivors (7168K)
 Metaspace       used 137065K, committed 138240K, reserved 1179648K
  class space    used 19515K, committed 20096K, reserved 1048576K
}
Event: 774.863 GC heap after
{Heap after GC invocations=64 (full 0):
 garbage-first heap   total 366592K, used 176782K [0x0000000080000000, 0x0000000100000000)
  region size 1024K, 2 young (2048K), 2 survivors (2048K)
 Metaspace       used 137065K, committed 138240K, reserved 1179648K
  class space    used 19515K, committed 20096K, reserved 1048576K
}
Event: 775.036 GC heap before
{Heap before GC invocations=64 (full 0):
 garbage-first heap   total 366592K, used 285326K [0x0000000080000000, 0x0000000100000000)
  region size 1024K, 109 young (111616K), 2 survivors (2048K)
 Metaspace       used 137486K, committed 138688K, reserved 1179648K
  class space    used 19522K, committed 20096K, reserved 1048576K
}

