# JRE version: OpenJDK Runtime Environment (17.0.11) (build 17.0.11+0--11852314)
# Java VM: OpenJDK 64-Bit Server VM (17.0.11+0--11852314, mixed mode, tiered, compressed oops, compressed class ptrs, g1 gc, windows-amd64)
GC Precious Log:
 CPUs: 12 total, 12 available
 Memory: 15711M
 Large Page Support: Disabled
 NUMA Support: Disabled
 Compressed Oops: Enabled (32-bit)
 Heap Region Size: 1M
 Heap Min Capacity: 8M
 Heap Initial Capacity: 246M
 Heap Max Capacity: 2G
 Pre-touch: Disabled
 Parallel Workers: 10
 Concurrent Workers: 3
 Concurrent Refinement Workers: 10
 Periodic GC: Disabled
Heap:
 garbage-first heap   total 482304K, used 213616K [0x0000000080000000, 0x0000000100000000)
  region size 1024K, 8 young (8192K), 8 survivors (8192K)
 Metaspace       used 139716K, committed 141056K, reserved 1179648K
  class space    used 19645K, committed 20288K, reserved 1048576K
GC Heap History (20 events):
Event: 1412.458 GC heap after
{Heap after GC invocations=66 (full 0):
 garbage-first heap   total 482304K, used 182324K [0x0000000080000000, 0x0000000100000000)
  region size 1024K, 3 young (3072K), 3 survivors (3072K)
 Metaspace       used 138176K, committed 139392K, reserved 1179648K
  class space    used 19532K, committed 20096K, reserved 1048576K
}
Event: 1414.979 GC heap before
{Heap before GC invocations=66 (full 0):
 garbage-first heap   total 482304K, used 362548K [0x0000000080000000, 0x0000000100000000)
  region size 1024K, 181 young (185344K), 3 survivors (3072K)
 Metaspace       used 138689K, committed 139968K, reserved 1179648K
  class space    used 19620K, committed 20224K, reserved 1048576K
}
Event: 1414.984 GC heap after
{Heap after GC invocations=67 (full 0):
 garbage-first heap   total 482304K, used 190020K [0x0000000080000000, 0x0000000100000000)
  region size 1024K, 10 young (10240K), 10 survivors (10240K)
 Metaspace       used 138689K, committed 139968K, reserved 1179648K
  class space    used 19620K, committed 20224K, reserved 1048576K
}
Event: 1415.397 GC heap before
{Heap before GC invocations=68 (full 0):
 garbage-first heap   total 482304K, used 386628K [0x0000000080000000, 0x0000000100000000)
  region size 1024K, 201 young (205824K), 10 survivors (10240K)
 Metaspace       used 138781K, committed 140096K, reserved 1179648K
  class space    used 19621K, committed 20224K, reserved 1048576K
}
Event: 1415.401 GC heap after
{Heap after GC invocations=69 (full 0):
 garbage-first heap   total 482304K, used 192322K [0x0000000080000000, 0x0000000100000000)
  region size 1024K, 11 young (11264K), 11 survivors (11264K)
 Metaspace       used 138781K, committed 140096K, reserved 1179648K
  class space    used 19621K, committed 20224K, reserved 1048576K
}
Event: 1415.538 GC heap before
{Heap before GC invocations=69 (full 0):
 garbage-first heap   total 482304K, used 246594K [0x0000000080000000, 0x0000000100000000)
  region size 1024K, 23 young (23552K), 11 survivors (11264K)
 Metaspace       used 138851K, committed 140224K, reserved 1179648K
  class space    used 19621K, committed 20224K, reserved 1048576K
}
Event: 1415.544 GC heap after
{Heap after GC invocations=70 (full 0):
 garbage-first heap   total 482304K, used 170422K [0x0000000080000000, 0x0000000100000000)
  region size 1024K, 2 young (2048K), 2 survivors (2048K)
 Metaspace       used 138851K, committed 140224K, reserved 1179648K
  class space    used 19621K, committed 20224K, reserved 1048576K
}
Event: 1736.047 GC heap before
{Heap before GC invocations=70 (full 0):
 garbage-first heap   total 482304K, used 387510K [0x0000000080000000, 0x0000000100000000)
  region size 1024K, 215 young (220160K), 2 survivors (2048K)
 Metaspace       used 139208K, committed 140544K, reserved 1179648K
  class space    used 19639K, committed 20288K, reserved 1048576K
}
Event: 1736.058 GC heap after
{Heap after GC invocations=71 (full 0):
 garbage-first heap   total 482304K, used 184852K [0x0000000080000000, 0x0000000100000000)
  region size 1024K, 16 young (16384K), 16 survivors (16384K)
 Metaspace       used 139208K, committed 140544K, reserved 1179648K
  class space    used 19639K, committed 20288K, reserved 1048576K
}
Event: 1738.667 GC heap before
{Heap before GC invocations=72 (full 0):
 garbage-first heap   total 482304K, used 389652K [0x0000000080000000, 0x0000000100000000)
  region size 1024K, 215 young (220160K), 16 survivors (16384K)
 Metaspace       used 139309K, committed 140608K, reserved 1179648K
  class space    used 19639K, committed 20288K, reserved 1048576K
}
Event: 1738.680 GC heap after
{Heap after GC invocations=73 (full 0):
 garbage-first heap   total 482304K, used 199137K [0x0000000080000000, 0x0000000100000000)
  region size 1024K, 13 young (13312K), 13 survivors (13312K)
 Metaspace       used 139309K, committed 140608K, reserved 1179648K
  class space    used 19639K, committed 20288K, reserved 1048576K
}
Event: 1738.690 GC heap before
{Heap before GC invocations=73 (full 0):
 garbage-first heap   total 482304K, used 208353K [0x0000000080000000, 0x0000000100000000)
  region size 1024K, 23 young (23552K), 13 survivors (13312K)
 Metaspace       used 139309K, committed 140608K, reserved 1179648K
  class space    used 19639K, committed 20288K, reserved 1048576K
}
Event: 1738.704 GC heap after
{Heap after GC invocations=74 (full 0):
 garbage-first heap   total 482304K, used 197234K [0x0000000080000000, 0x0000000100000000)
  region size 1024K, 3 young (3072K), 3 survivors (3072K)
 Metaspace       used 139309K, committed 140608K, reserved 1179648K
  class space    used 19639K, committed 20288K, reserved 1048576K
}
Event: 1738.858 GC heap before
{Heap before GC invocations=74 (full 0):
 garbage-first heap   total 482304K, used 262770K [0x0000000080000000, 0x0000000100000000)
  region size 1024K, 69 young (70656K), 3 survivors (3072K)
 Metaspace       used 139421K, committed 140736K, reserved 1179648K
  class space    used 19640K, committed 20288K, reserved 1048576K
}
Event: 1738.860 GC heap after
{Heap after GC invocations=75 (full 0):
 garbage-first heap   total 482304K, used 196074K [0x0000000080000000, 0x0000000100000000)
  region size 1024K, 2 young (2048K), 2 survivors (2048K)
 Metaspace       used 139421K, committed 140736K, reserved 1179648K
  class space    used 19640K, committed 20288K, reserved 1048576K
}
Event: 1978.674 GC heap before
{Heap before GC invocations=76 (full 0):
 garbage-first heap   total 482304K, used 439786K [0x0000000080000000, 0x0000000100000000)
  region size 1024K, 199 young (203776K), 2 survivors (2048K)
 Metaspace       used 139640K, committed 140992K, reserved 1179648K
  class space    used 19644K, committed 20288K, reserved 1048576K
}
Event: 1978.689 GC heap after
{Heap after GC invocations=77 (full 0):
 garbage-first heap   total 482304K, used 226768K [0x0000000080000000, 0x0000000100000000)
  region size 1024K, 25 young (25600K), 25 survivors (25600K)
 Metaspace       used 139640K, committed 140992K, reserved 1179648K
  class space    used 19644K, committed 20288K, reserved 1048576K
}
Event: 1978.694 GC heap before
{Heap before GC invocations=77 (full 0):
 garbage-first heap   total 482304K, used 227792K [0x0000000080000000, 0x0000000100000000)
  region size 1024K, 26 young (26624K), 25 survivors (25600K)
 Metaspace       used 139641K, committed 140992K, reserved 1179648K
  class space    used 19644K, committed 20288K, reserved 1048576K
}
Event: 1978.705 GC heap after
{Heap after GC invocations=78 (full 0):
 garbage-first heap   total 482304K, used 207180K [0x0000000080000000, 0x0000000100000000)
  region size 1024K, 1 young (1024K), 1 survivors (1024K)
 Metaspace       used 139641K, committed 140992K, reserved 1179648K
  class space    used 19644K, committed 20288K, reserved 1048576K
}
Event: 1980.826 GC heap before
{Heap before GC invocations=78 (full 0):
 garbage-first heap   total 482304K, used 309580K [0x0000000080000000, 0x0000000100000000)
  region size 1024K, 103 young (105472K), 1 survivors (1024K)
 Metaspace       used 139716K, committed 141056K, reserved 1179648K
  class space    used 19645K, committed 20288K, reserved 1048576K
}

